<?xml version="1.0" encoding="UTF-8"?>
<!-- Generated by org.testng.reporters.JUnitReportReporter -->
<testsuite hostname="EPINPUNW05FB" failures="0" tests="8" name="api.testcases.UserTestDD" time="9.696" errors="0" timestamp="2023-12-06T15:25:55 IST" skipped="0">
  <testcase classname="api.testcases.UserTestDD" name="testCreateUser" time="1.300"/>
  <testcase classname="api.testcases.UserTestDD" name="testCreateUser" time="1.237"/>
  <testcase classname="api.testcases.UserTestDD" name="testCreateUser" time="1.203"/>
  <testcase classname="api.testcases.UserTestDD" name="testCreateUser" time="1.221"/>
  <testcase classname="api.testcases.UserTestDD" name="testDeleteUser" time="1.218"/>
  <testcase classname="api.testcases.UserTestDD" name="testDeleteUser" time="1.171"/>
  <testcase classname="api.testcases.UserTestDD" name="testDeleteUser" time="1.176"/>
  <testcase classname="api.testcases.UserTestDD" name="testDeleteUser" time="1.170"/>
</testsuite> <!-- api.testcases.UserTestDD -->
