<?xml version="1.0" encoding="UTF-8"?>
<!-- Generated by org.testng.reporters.JUnitReportReporter -->
<testsuite hostname="EPINPUNW05FB" failures="0" tests="4" name="api.testcases.UserTest" time="9.526" errors="0" timestamp="2023-12-06T20:45:48 IST" skipped="0">
  <testcase classname="api.testcases.UserTest" name="testCreateUser" time="4.041"/>
  <testcase classname="api.testcases.UserTest" name="testGetUser" time="1.280"/>
  <testcase classname="api.testcases.UserTest" name="testUpdateUser" time="3.003"/>
  <testcase classname="api.testcases.UserTest" name="testDeleteUser" time="1.202"/>
</testsuite> <!-- api.testcases.UserTest -->
