<?xml version="1.0" encoding="UTF-8"?>
<!-- Generated by org.testng.reporters.JUnitReportReporter -->
<testsuite hostname="EPINPUNW05FB" failures="0" tests="4" name="api.testcases.UserTest2" time="8.657" errors="0" timestamp="2023-12-06T21:17:06 IST" skipped="0">
  <testcase classname="api.testcases.UserTest2" name="testCreateUser" time="3.213"/>
  <testcase classname="api.testcases.UserTest2" name="testGetUser" time="1.305"/>
  <testcase classname="api.testcases.UserTest2" name="testUpdateUser" time="2.809"/>
  <testcase classname="api.testcases.UserTest2" name="testDeleteUser" time="1.330"/>
</testsuite> <!-- api.testcases.UserTest2 -->
