<?xml version="1.0" encoding="UTF-8"?>
<!-- Generated by org.testng.reporters.JUnitReportReporter -->
<testsuite hostname="EPINPUNW05FB" failures="0" tests="4" name="api.testcases.UserTest" time="9.727" errors="0" timestamp="2023-12-06T21:27:24 IST" skipped="0">
  <testcase classname="api.testcases.UserTest" name="testCreateUser" time="4.520"/>
  <testcase classname="api.testcases.UserTest" name="testGetUser" time="1.379"/>
  <testcase classname="api.testcases.UserTest" name="testUpdateUser" time="2.701"/>
  <testcase classname="api.testcases.UserTest" name="testDeleteUser" time="1.127"/>
</testsuite> <!-- api.testcases.UserTest -->
